TN:
SF:src\d2l-router.js
FN:12,page.observeContext
FN:17,page.updateObservers
FN:22,page.setSearchQuery
FN:30,page.clearSearchQuery
FN:39,get properties
FN:46,D2LRouter
FN:54,firstUpdated
FN:58,connectedCallback
FN:86,render
FN:92,get properties
FN:99,D2LRoute
FN:105,connectedCallback
FN:122,render
FNF:13
FNH:6
FNDA:0,page.observeContext
FNDA:0,page.updateObservers
FNDA:0,page.setSearchQuery
FNDA:0,page.clearSearchQuery
FNDA:1,get properties
FNDA:1,D2LRouter
FNDA:0,firstUpdated
FNDA:0,connectedCallback
FNDA:0,render
FNDA:1,get properties
FNDA:1,D2LRoute
FNDA:1,connectedCallback
FNDA:1,render
DA:1,1
DA:2,1
DA:3,1
DA:4,1
DA:5,1
DA:6,1
DA:7,1
DA:8,1
DA:9,1
DA:10,1
DA:11,1
DA:12,1
DA:13,0
DA:14,0
DA:15,0
DA:16,1
DA:17,1
DA:18,0
DA:19,0
DA:20,0
DA:21,1
DA:22,1
DA:23,0
DA:24,0
DA:25,0
DA:26,0
DA:27,0
DA:28,0
DA:29,1
DA:30,1
DA:31,0
DA:32,0
DA:33,0
DA:34,0
DA:35,0
DA:36,0
DA:37,1
DA:38,1
DA:39,1
DA:40,1
DA:41,1
DA:42,1
DA:43,1
DA:44,1
DA:45,1
DA:46,1
DA:47,1
DA:48,1
DA:49,1
DA:50,1
DA:51,1
DA:52,1
DA:53,1
DA:54,1
DA:55,0
DA:56,0
DA:57,1
DA:58,1
DA:59,0
DA:60,0
DA:61,0
DA:62,0
DA:63,0
DA:64,0
DA:65,0
DA:66,0
DA:67,0
DA:68,0
DA:69,0
DA:70,0
DA:71,0
DA:72,0
DA:73,0
DA:74,0
DA:75,0
DA:76,0
DA:77,0
DA:78,0
DA:79,0
DA:80,0
DA:81,0
DA:82,0
DA:83,0
DA:84,1
DA:85,1
DA:86,1
DA:87,0
DA:88,0
DA:89,1
DA:90,1
DA:91,1
DA:92,1
DA:93,1
DA:94,1
DA:95,1
DA:96,1
DA:97,1
DA:98,1
DA:99,1
DA:100,1
DA:101,1
DA:102,1
DA:103,1
DA:104,1
DA:105,1
DA:106,1
DA:107,1
DA:108,1
DA:109,1
DA:110,1
DA:111,1
DA:112,1
DA:113,1
DA:114,1
DA:115,1
DA:116,1
DA:117,1
DA:118,1
DA:119,1
DA:120,1
DA:121,1
DA:122,1
DA:123,1
DA:124,1
DA:125,1
DA:126,1
DA:127,1
DA:128,1
DA:129,1
DA:130,1
DA:131,1
DA:132,1
LF:132
LH:85
BRDA:1,0,0,1
BRDA:39,1,0,1
BRDA:46,2,0,1
BRDA:92,3,0,1
BRDA:99,4,0,1
BRDA:105,5,0,1
BRDA:122,6,0,1
BRDA:123,7,0,0
BRF:8
BRH:7
end_of_record
